Determining if the pthread_create exist failed with the following output:
Change Dir: /home/afifi/Graduation_project/SLAM_and_navigation_using_ROS/build/CMakeFiles/CMakeTmp

Run Build Command:"/usr/bin/make" "cmTC_82805/fast"
/usr/bin/make -f CMakeFiles/cmTC_82805.dir/build.make CMakeFiles/cmTC_82805.dir/build
make[1]: Entering directory '/home/afifi/Graduation_project/SLAM_and_navigation_using_ROS/build/CMakeFiles/CMakeTmp'
Building C object CMakeFiles/cmTC_82805.dir/CheckSymbolExists.c.o
/usr/bin/cc     -o CMakeFiles/cmTC_82805.dir/CheckSymbolExists.c.o   -c /home/afifi/Graduation_project/SLAM_and_navigation_using_ROS/build/CMakeFiles/CMakeTmp/CheckSymbolExists.c
Linking C executable cmTC_82805
/usr/bin/cmake -E cmake_link_script CMakeFiles/cmTC_82805.dir/link.txt --verbose=1
/usr/bin/cc       CMakeFiles/cmTC_82805.dir/CheckSymbolExists.c.o  -o cmTC_82805 -rdynamic 
CMakeFiles/cmTC_82805.dir/CheckSymbolExists.c.o: In function `main':
CheckSymbolExists.c:(.text+0x16): undefined reference to `pthread_create'
collect2: error: ld returned 1 exit status
CMakeFiles/cmTC_82805.dir/build.make:97: recipe for target 'cmTC_82805' failed
make[1]: *** [cmTC_82805] Error 1
make[1]: Leaving directory '/home/afifi/Graduation_project/SLAM_and_navigation_using_ROS/build/CMakeFiles/CMakeTmp'
Makefile:126: recipe for target 'cmTC_82805/fast' failed
make: *** [cmTC_82805/fast] Error 2

File /home/afifi/Graduation_project/SLAM_and_navigation_using_ROS/build/CMakeFiles/CMakeTmp/CheckSymbolExists.c:
/* */
#include <pthread.h>

int main(int argc, char** argv)
{
  (void)argv;
#ifndef pthread_create
  return ((int*)(&pthread_create))[argc];
#else
  (void)argc;
  return 0;
#endif
}

Determining if the function pthread_create exists in the pthreads failed with the following output:
Change Dir: /home/afifi/Graduation_project/SLAM_and_navigation_using_ROS/build/CMakeFiles/CMakeTmp

Run Build Command:"/usr/bin/make" "cmTC_62735/fast"
/usr/bin/make -f CMakeFiles/cmTC_62735.dir/build.make CMakeFiles/cmTC_62735.dir/build
make[1]: Entering directory '/home/afifi/Graduation_project/SLAM_and_navigation_using_ROS/build/CMakeFiles/CMakeTmp'
Building C object CMakeFiles/cmTC_62735.dir/CheckFunctionExists.c.o
/usr/bin/cc    -DCHECK_FUNCTION_EXISTS=pthread_create   -o CMakeFiles/cmTC_62735.dir/CheckFunctionExists.c.o   -c /usr/share/cmake-3.5/Modules/CheckFunctionExists.c
Linking C executable cmTC_62735
/usr/bin/cmake -E cmake_link_script CMakeFiles/cmTC_62735.dir/link.txt --verbose=1
/usr/bin/cc   -DCHECK_FUNCTION_EXISTS=pthread_create    CMakeFiles/cmTC_62735.dir/CheckFunctionExists.c.o  -o cmTC_62735 -rdynamic -lpthreads 
/usr/bin/ld: cannot find -lpthreads
collect2: error: ld returned 1 exit status
CMakeFiles/cmTC_62735.dir/build.make:97: recipe for target 'cmTC_62735' failed
make[1]: *** [cmTC_62735] Error 1
make[1]: Leaving directory '/home/afifi/Graduation_project/SLAM_and_navigation_using_ROS/build/CMakeFiles/CMakeTmp'
Makefile:126: recipe for target 'cmTC_62735/fast' failed
make: *** [cmTC_62735/fast] Error 2


